{
    "target": "HelloMinimal",
    "sources": {
        "HelloMinimal.c": {
            "handle": [
                "gcc"
            ]
        }
    },
    "include": [
        "../ZDK/ZTM",
        "../ZDK/ZTL",
        "../ZDK/ZTK"
    ],
    "link": {
        "handle": [
            "gcc"
        ],
        "lib": [
            "ZTM",
            "ZTL",
            "ZTK",
            "xcb"
        ]
    },
    "flag": {
        "extra": {
            "shared": [
                "-DZTK_BUILD_OPENGL=0x0"
            ]
        }
    },
    "zmake": "250917",
    "host": {
        "['date']": [
            "2025-09-24T18:00:53 CEST"
        ],
        "['zmake', '--version']": [
            "zmake-v250917"
        ],
        "['neofetch', '--stdout', '--disable', 'uptime']": [
            "andi@ztk-dt-andi ",
            "---------------- ",
            "OS: LMDE 6 (faye) x86_64 ",
            "Kernel: 6.12.43+deb12-rt-amd64 ",
            "Packages: 3170 (dpkg), 53 (flatpak) ",
            "Shell: bash 5.2.15 ",
            "Resolution: 1920x1080 ",
            "DE: Cinnamon 6.4.8 ",
            "WM: Mutter (Muffin) ",
            "WM Theme: Mint-Y-Dark-Sand (Mint-Y) ",
            "Theme: Mint-Y-Dark-Sand [GTK2/3] ",
            "Icons: Mint-Y-Sand [GTK2/3] ",
            "Terminal: gnome-terminal ",
            "CPU: AMD Ryzen 7 5700X3D (16) @ 4.149GHz ",
            "GPU: AMD ATI Radeon RX 7700 XT / 7800 XT ",
            "Memory: 2879MiB / 15918MiB "
        ],
        "['gcc', '--version']": [
            "gcc (Debian 12.2.0-14+deb12u1) 12.2.0",
            "Copyright (C) 2022 Free Software Foundation, Inc.",
            "This is free software; see the source for copying conditions.  There is NO",
            "warranty; not even for MERCHANTABILITY or FITNESS FOR A PARTICULAR PURPOSE."
        ],
        "['g++', '--version']": [
            "g++ (Debian 12.2.0-14+deb12u1) 12.2.0",
            "Copyright (C) 2022 Free Software Foundation, Inc.",
            "This is free software; see the source for copying conditions.  There is NO",
            "warranty; not even for MERCHANTABILITY or FITNESS FOR A PARTICULAR PURPOSE."
        ]
    },
    "commands": {
        "compile": [
            [
                "gcc",
                "-O3",
                "-flto",
                "-DZTK_BUILD_OPENGL=0x0",
                "-Wfatal-errors",
                "-Werror",
                "-Wall",
                "-Wextra",
                "-I../ZDK/ZTM",
                "-I../ZDK/ZTL",
                "-I../ZDK/ZTK",
                "-c",
                "HelloMinimal.c",
                "-o",
                "HelloMinimal.c.o"
            ]
        ],
        "link": [
            [
                "gcc",
                "HelloMinimal.c.o",
                "-o",
                "HelloMinimal",
                "-O3",
                "-flto",
                "-s",
                "-DZTK_BUILD_OPENGL=0x0",
                "-L../ZDK/ZTM",
                "-L../ZDK/ZTL",
                "-L../ZDK/ZTK",
                "-lZTM",
                "-lZTL",
                "-lZTK",
                "-lxcb"
            ]
        ],
        "clean": [
            [
                "rm",
                "HelloMinimal.c.o"
            ]
        ],
        "finish": []
    }
}